[(INFO)(main)] { '<<<<<<<<<<<<<<<<<<<<<<<<<<<<<<<<<<<<<<<<<<<<<<<<<<<<<<<<<<<<<<<<<<<<<<<<<<<<<<<<<<<<<<<<<<<<<<<<<<<<!!!!!!!!!START!!!!!!!!!>>>>>>>>>>>>>>>>>>>>>>>>>>>>>>>>>>>>>>>>>>>>>>>>>>>>>>>>>>>>>>>>>>>>>>>>>>>>>>>>>>>>>>>>>>>>>>>>>>>>' }(26-Jan-23 13:45:49)
[(INFO)(main)] { 'PRE-START CHECKS' : '!!STARTED!!': Checking That All the Directories are inplace and that there is a DVD drive connected to the PC. }(26-Jan-23 13:45:49)
[(INFO)(main)] { 'PRE-START CHECKS' : '!!PASS!!' All of these Directories have been created ['Completed/', 'Collection/', 'Ripping/', 'Transcoding/', 'Queued/']. }(26-Jan-23 13:45:49)
[(INFO)(main)] { 'PRE-START CHECKS' : '!!PASS!!' All of the Directories A-Z have been created inside of the 'COLLECTION_DIR'. }(26-Jan-23 13:45:49)
[(INFO)(main)] { 'PRE-START CHECKS' : '!!PASS!!': Here is a list of all the connected DVD drives ['E:\\']. }(26-Jan-23 13:45:49)
[(INFO)(main)] { 'PRE-START CHECKS' : '!!FINISHED!!': All of the 'PRE-START CHECKS' have finished. Ready to RIP. }(26-Jan-23 13:45:49)
[(INFO)(main)] { '<<<<<<<<<<<<<<<<<<<<<<<<<<<<<<<<<<<<<<<<<<<<<<<<<<<<<<<<<<<<<<<<<<<<<<<<<<<<<<<<<<<<<<<<<<<<<<<<<<<<!!!!!!!!!FINISH!!!!!!!!!>>>>>>>>>>>>>>>>>>>>>>>>>>>>>>>>>>>>>>>>>>>>>>>>>>>>>>>>>>>>>>>>>>>>>>>>>>>>>>>>>>>>>>>>>>>>>>>>>>>>' }(26-Jan-23 13:45:49)
[(INFO)(rip_scrape_loop)] { '<<<<<<<<<<<<<<<<<<<<<<<<<<<<<<<<<<<<<<<<<<<<<<<<<<<<<<<<<<<<<<<<<<<<<<<<<<<<<<<<<<<<<<<<<<<<<<<<<<<<!!!!!!!!!START!!!!!!!!!>>>>>>>>>>>>>>>>>>>>>>>>>>>>>>>>>>>>>>>>>>>>>>>>>>>>>>>>>>>>>>>>>>>>>>>>>>>>>>>>>>>>>>>>>>>>>>>>>>>>' }(26-Jan-23 13:45:51)
[(INFO)(rip_and_scrape_dvd)] { '<<<<<<<<<<<<<<<<<<<<<<<<<<<<<<<<<<<<<<<<<<<<<<<<<<<<<<<<<<<<<<<<<<<<<<<<<<<<<<<<<<<<<<<<<<<<<<<<<<<<!!!!!!!!!START!!!!!!!!!>>>>>>>>>>>>>>>>>>>>>>>>>>>>>>>>>>>>>>>>>>>>>>>>>>>>>>>>>>>>>>>>>>>>>>>>>>>>>>>>>>>>>>>>>>>>>>>>>>>>' }(26-Jan-23 13:45:51)
[(INFO)(rip_and_scrape_dvd)] { 'RIP AND SCRAPE' : '!!STARTED!!': Starting DVD info scrape and RIP to an output Directory. }(26-Jan-23 13:45:51)
[(INFO)(rip_and_scrape_dvd)] { 'RIP AND SCRAPE' : '!!PASS!!': The drive letter : 'E:\' has been removed from the 'DVD_DRIVES' list : []. }(26-Jan-23 13:45:51)
[(INFO)(rip_and_scrape_dvd)] { 'RIP AND SCRAPE' : '!!FAILED!!': Due to an 'ERRROR'.'win32api.GetVolumeInformation' Could not be used to get the 'VOLUME_INFO'. ERROR: (21, 'GetVolumeInformation', 'The device is not ready.') }(26-Jan-23 13:45:51)
[(INFO)(_run)] { Running "makemkvcon info dev:E: --robot --progress=-same --noscan" }(26-Jan-23 13:45:51)
[(INFO)(_run)] { Scanning CD-ROM devices (5018) }(26-Jan-23 13:45:52)
[(CRITICAL)(_run)] { Failed to open disc (5010) }(26-Jan-23 13:45:52)
[(INFO)(rip_and_scrape_dvd)] { 'RIP AND SCRAPE' : '!!FAILED!!': Due to an 'ERRROR'.'MakeMKV.info' Could not be used to get the 'DISC_INFO' ERROR: Failed to open disc. }(26-Jan-23 13:45:52)
[(INFO)(rip_and_scrape_dvd)] { 'RIP AND SCRAPE' : '!!PASS!!': Used 'codecs.open' to make a list of all the known movie names. }(26-Jan-23 13:45:52)
[(CRITICAL)(rip_and_scrape_dvd)] { 'RIP AND SCRAPE' : '!!CRITICAL!!': DVD cant be ripped Due to insufficient information about the DVD ejecting Drive '0' : 'E:\'. }(26-Jan-23 13:45:52)
[(WARNING)(rip_and_scrape_dvd)] { 'RIP AND SCRAPE' : '!!WARNING!!': Please insert a DVD or Blu-ray Disc. : returning the 'drive_letter' : 'E:\' to the 'DVD_DRIVES' list : ['E:\\']. }(26-Jan-23 13:45:52)
[(INFO)(rip_and_scrape_dvd)] { '<<<<<<<<<<<<<<<<<<<<<<<<<<<<<<<<<<<<<<<<<<<<<<<<<<<<<<<<<<<<<<<<<<<<<<<<<<<<<<<<<<<<<<<<<<<<<<<<<<<<!!!!!!!!!FINISH!!!!!!!!!>>>>>>>>>>>>>>>>>>>>>>>>>>>>>>>>>>>>>>>>>>>>>>>>>>>>>>>>>>>>>>>>>>>>>>>>>>>>>>>>>>>>>>>>>>>>>>>>>>>>' }(26-Jan-23 13:45:57)
